{"C:\\Users\\badri_ahq3ual\\OneDrive\\Desktop\\test-main\\test-main\\js\\components\\map-route.js": {"path":"C:\\Users\\badri_ahq3ual\\OneDrive\\Desktop\\test-main\\test-main\\js\\components\\map-route.js","statementMap":{"0":{"start":{"line":1,"column":0},"end":{"line":412,"column":3}},"1":{"start":{"line":4,"column":6},"end":{"line":4,"column":23}},"2":{"start":{"line":5,"column":6},"end":{"line":5,"column":33}},"3":{"start":{"line":6,"column":6},"end":{"line":6,"column":21}},"4":{"start":{"line":7,"column":6},"end":{"line":7,"column":23}},"5":{"start":{"line":8,"column":6},"end":{"line":8,"column":19}},"6":{"start":{"line":9,"column":6},"end":{"line":9,"column":25}},"7":{"start":{"line":10,"column":6},"end":{"line":10,"column":24}},"8":{"start":{"line":12,"column":6},"end":{"line":14,"column":7}},"9":{"start":{"line":13,"column":8},"end":{"line":13,"column":82}},"10":{"start":{"line":17,"column":6},"end":{"line":17,"column":55}},"11":{"start":{"line":20,"column":6},"end":{"line":25,"column":9}},"12":{"start":{"line":28,"column":6},"end":{"line":42,"column":25}},"13":{"start":{"line":45,"column":6},"end":{"line":45,"column":33}},"14":{"start":{"line":48,"column":6},"end":{"line":48,"column":30}},"15":{"start":{"line":53,"column":6},"end":{"line":53,"column":86}},"16":{"start":{"line":53,"column":45},"end":{"line":53,"column":78}},"17":{"start":{"line":54,"column":6},"end":{"line":54,"column":82}},"18":{"start":{"line":54,"column":43},"end":{"line":54,"column":74}},"19":{"start":{"line":57,"column":6},"end":{"line":62,"column":9}},"20":{"start":{"line":58,"column":23},"end":{"line":58,"column":31}},"21":{"start":{"line":59,"column":8},"end":{"line":61,"column":9}},"22":{"start":{"line":60,"column":10},"end":{"line":60,"column":43}},"23":{"start":{"line":67,"column":6},"end":{"line":80,"column":9}},"24":{"start":{"line":68,"column":23},"end":{"line":68,"column":31}},"25":{"start":{"line":71,"column":8},"end":{"line":71,"column":38}},"26":{"start":{"line":71,"column":31},"end":{"line":71,"column":38}},"27":{"start":{"line":74,"column":8},"end":{"line":79,"column":11}},"28":{"start":{"line":75,"column":10},"end":{"line":78,"column":11}},"29":{"start":{"line":76,"column":12},"end":{"line":76,"column":42}},"30":{"start":{"line":77,"column":12},"end":{"line":77,"column":31}},"31":{"start":{"line":83,"column":6},"end":{"line":83,"column":58}},"32":{"start":{"line":83,"column":28},"end":{"line":83,"column":56}},"33":{"start":{"line":84,"column":6},"end":{"line":84,"column":54}},"34":{"start":{"line":84,"column":26},"end":{"line":84,"column":52}},"35":{"start":{"line":85,"column":6},"end":{"line":85,"column":52}},"36":{"start":{"line":85,"column":27},"end":{"line":85,"column":50}},"37":{"start":{"line":86,"column":6},"end":{"line":86,"column":50}},"38":{"start":{"line":86,"column":25},"end":{"line":86,"column":48}},"39":{"start":{"line":90,"column":20},"end":{"line":90,"column":38}},"40":{"start":{"line":91,"column":6},"end":{"line":94,"column":7}},"41":{"start":{"line":92,"column":8},"end":{"line":92,"column":56}},"42":{"start":{"line":93,"column":8},"end":{"line":93,"column":15}},"43":{"start":{"line":96,"column":6},"end":{"line":102,"column":7}},"44":{"start":{"line":97,"column":24},"end":{"line":97,"column":61}},"45":{"start":{"line":98,"column":8},"end":{"line":98,"column":47}},"46":{"start":{"line":100,"column":8},"end":{"line":100,"column":49}},"47":{"start":{"line":101,"column":8},"end":{"line":101,"column":67}},"48":{"start":{"line":107,"column":6},"end":{"line":107,"column":54}},"49":{"start":{"line":110,"column":25},"end":{"line":110,"column":62}},"50":{"start":{"line":112,"column":6},"end":{"line":125,"column":9}},"51":{"start":{"line":113,"column":27},"end":{"line":123,"column":12}},"52":{"start":{"line":118,"column":12},"end":{"line":118,"column":36}},"53":{"start":{"line":119,"column":12},"end":{"line":119,"column":32}},"54":{"start":{"line":122,"column":12},"end":{"line":122,"column":53}},"55":{"start":{"line":124,"column":8},"end":{"line":124,"column":38}},"56":{"start":{"line":127,"column":6},"end":{"line":127,"column":40}},"57":{"start":{"line":131,"column":20},"end":{"line":131,"column":48}},"58":{"start":{"line":132,"column":26},"end":{"line":132,"column":45}},"59":{"start":{"line":135,"column":6},"end":{"line":146,"column":7}},"60":{"start":{"line":136,"column":8},"end":{"line":145,"column":10}},"61":{"start":{"line":149,"column":6},"end":{"line":161,"column":7}},"62":{"start":{"line":150,"column":8},"end":{"line":153,"column":10}},"63":{"start":{"line":154,"column":8},"end":{"line":154,"column":67}},"64":{"start":{"line":156,"column":8},"end":{"line":159,"column":10}},"65":{"start":{"line":160,"column":8},"end":{"line":160,"column":65}},"66":{"start":{"line":164,"column":6},"end":{"line":259,"column":7}},"67":{"start":{"line":166,"column":8},"end":{"line":169,"column":9}},"68":{"start":{"line":167,"column":10},"end":{"line":167,"column":35}},"69":{"start":{"line":168,"column":10},"end":{"line":168,"column":31}},"70":{"start":{"line":172,"column":23},"end":{"line":174,"column":29}},"71":{"start":{"line":177,"column":8},"end":{"line":206,"column":11}},"72":{"start":{"line":178,"column":25},"end":{"line":178,"column":45}},"73":{"start":{"line":179,"column":10},"end":{"line":205,"column":11}},"74":{"start":{"line":180,"column":28},"end":{"line":182,"column":14}},"75":{"start":{"line":184,"column":12},"end":{"line":200,"column":13}},"76":{"start":{"line":186,"column":14},"end":{"line":186,"column":46}},"77":{"start":{"line":187,"column":14},"end":{"line":190,"column":16}},"78":{"start":{"line":191,"column":14},"end":{"line":191,"column":77}},"79":{"start":{"line":194,"column":14},"end":{"line":196,"column":15}},"80":{"start":{"line":195,"column":16},"end":{"line":195,"column":42}},"81":{"start":{"line":198,"column":14},"end":{"line":198,"column":55}},"82":{"start":{"line":199,"column":14},"end":{"line":199,"column":40}},"83":{"start":{"line":202,"column":12},"end":{"line":202,"column":59}},"84":{"start":{"line":203,"column":12},"end":{"line":203,"column":55}},"85":{"start":{"line":204,"column":12},"end":{"line":204,"column":38}},"86":{"start":{"line":208,"column":8},"end":{"line":208,"column":37}},"87":{"start":{"line":211,"column":8},"end":{"line":214,"column":9}},"88":{"start":{"line":212,"column":10},"end":{"line":212,"column":35}},"89":{"start":{"line":213,"column":10},"end":{"line":213,"column":29}},"90":{"start":{"line":217,"column":23},"end":{"line":219,"column":27}},"91":{"start":{"line":222,"column":8},"end":{"line":251,"column":11}},"92":{"start":{"line":223,"column":25},"end":{"line":223,"column":45}},"93":{"start":{"line":224,"column":10},"end":{"line":250,"column":11}},"94":{"start":{"line":225,"column":28},"end":{"line":227,"column":14}},"95":{"start":{"line":229,"column":12},"end":{"line":245,"column":13}},"96":{"start":{"line":231,"column":14},"end":{"line":231,"column":44}},"97":{"start":{"line":232,"column":14},"end":{"line":235,"column":16}},"98":{"start":{"line":236,"column":14},"end":{"line":236,"column":75}},"99":{"start":{"line":239,"column":14},"end":{"line":241,"column":15}},"100":{"start":{"line":240,"column":16},"end":{"line":240,"column":42}},"101":{"start":{"line":243,"column":14},"end":{"line":243,"column":55}},"102":{"start":{"line":244,"column":14},"end":{"line":244,"column":40}},"103":{"start":{"line":247,"column":12},"end":{"line":247,"column":59}},"104":{"start":{"line":248,"column":12},"end":{"line":248,"column":55}},"105":{"start":{"line":249,"column":12},"end":{"line":249,"column":38}},"106":{"start":{"line":254,"column":8},"end":{"line":258,"column":9}},"107":{"start":{"line":255,"column":10},"end":{"line":255,"column":42}},"108":{"start":{"line":257,"column":10},"end":{"line":257,"column":35}},"109":{"start":{"line":262,"column":6},"end":{"line":264,"column":7}},"110":{"start":{"line":263,"column":8},"end":{"line":263,"column":34}},"111":{"start":{"line":268,"column":6},"end":{"line":268,"column":44}},"112":{"start":{"line":268,"column":37},"end":{"line":268,"column":44}},"113":{"start":{"line":270,"column":24},"end":{"line":270,"column":51}},"114":{"start":{"line":271,"column":22},"end":{"line":271,"column":49}},"115":{"start":{"line":274,"column":6},"end":{"line":274,"column":61}},"116":{"start":{"line":277,"column":21},"end":{"line":277,"column":57}},"117":{"start":{"line":278,"column":6},"end":{"line":278,"column":56}},"118":{"start":{"line":282,"column":6},"end":{"line":291,"column":7}},"119":{"start":{"line":283,"column":24},"end":{"line":285,"column":10}},"120":{"start":{"line":286,"column":8},"end":{"line":286,"column":60}},"121":{"start":{"line":288,"column":8},"end":{"line":288,"column":57}},"122":{"start":{"line":289,"column":8},"end":{"line":289,"column":68}},"123":{"start":{"line":290,"column":8},"end":{"line":290,"column":20}},"124":{"start":{"line":295,"column":19},"end":{"line":295,"column":41}},"125":{"start":{"line":296,"column":17},"end":{"line":296,"column":37}},"126":{"start":{"line":298,"column":6},"end":{"line":298,"column":31}},"127":{"start":{"line":298,"column":24},"end":{"line":298,"column":31}},"128":{"start":{"line":300,"column":6},"end":{"line":356,"column":7}},"129":{"start":{"line":302,"column":8},"end":{"line":302,"column":56}},"130":{"start":{"line":302,"column":39},"end":{"line":302,"column":54}},"131":{"start":{"line":303,"column":8},"end":{"line":303,"column":26}},"132":{"start":{"line":308,"column":8},"end":{"line":321,"column":9}},"133":{"start":{"line":309,"column":10},"end":{"line":312,"column":12}},"134":{"start":{"line":315,"column":30},"end":{"line":315,"column":73}},"135":{"start":{"line":316,"column":10},"end":{"line":319,"column":11}},"136":{"start":{"line":317,"column":12},"end":{"line":317,"column":54}},"137":{"start":{"line":318,"column":12},"end":{"line":318,"column":19}},"138":{"start":{"line":320,"column":10},"end":{"line":320,"column":67}},"139":{"start":{"line":323,"column":8},"end":{"line":336,"column":9}},"140":{"start":{"line":324,"column":10},"end":{"line":327,"column":12}},"141":{"start":{"line":330,"column":28},"end":{"line":330,"column":69}},"142":{"start":{"line":331,"column":10},"end":{"line":334,"column":11}},"143":{"start":{"line":332,"column":12},"end":{"line":332,"column":52}},"144":{"start":{"line":333,"column":12},"end":{"line":333,"column":19}},"145":{"start":{"line":335,"column":10},"end":{"line":335,"column":61}},"146":{"start":{"line":339,"column":8},"end":{"line":342,"column":10}},"147":{"start":{"line":345,"column":8},"end":{"line":345,"column":63}},"148":{"start":{"line":348,"column":23},"end":{"line":348,"column":59}},"149":{"start":{"line":349,"column":8},"end":{"line":349,"column":58}},"150":{"start":{"line":351,"column":8},"end":{"line":351,"column":27}},"151":{"start":{"line":354,"column":8},"end":{"line":354,"column":57}},"152":{"start":{"line":355,"column":8},"end":{"line":355,"column":84}},"153":{"start":{"line":360,"column":6},"end":{"line":360,"column":47}},"154":{"start":{"line":360,"column":40},"end":{"line":360,"column":47}},"155":{"start":{"line":362,"column":23},"end":{"line":362,"column":63}},"156":{"start":{"line":363,"column":27},"end":{"line":365,"column":28}},"157":{"start":{"line":367,"column":6},"end":{"line":369,"column":7}},"158":{"start":{"line":368,"column":8},"end":{"line":368,"column":47}},"159":{"start":{"line":372,"column":6},"end":{"line":374,"column":7}},"160":{"start":{"line":373,"column":8},"end":{"line":373,"column":72}},"161":{"start":{"line":378,"column":6},"end":{"line":381,"column":7}},"162":{"start":{"line":379,"column":8},"end":{"line":379,"column":60}},"163":{"start":{"line":380,"column":8},"end":{"line":380,"column":20}},"164":{"start":{"line":383,"column":20},"end":{"line":383,"column":41}},"165":{"start":{"line":384,"column":18},"end":{"line":384,"column":31}},"166":{"start":{"line":386,"column":21},"end":{"line":390,"column":7}},"167":{"start":{"line":392,"column":26},"end":{"line":396,"column":7}},"168":{"start":{"line":398,"column":19},"end":{"line":398,"column":42}},"169":{"start":{"line":400,"column":6},"end":{"line":404,"column":7}},"170":{"start":{"line":401,"column":23},"end":{"line":401,"column":49}},"171":{"start":{"line":402,"column":8},"end":{"line":402,"column":33}},"172":{"start":{"line":402,"column":21},"end":{"line":402,"column":33}},"173":{"start":{"line":403,"column":8},"end":{"line":403,"column":34}},"174":{"start":{"line":406,"column":6},"end":{"line":406,"column":25}},"175":{"start":{"line":407,"column":6},"end":{"line":407,"column":18}},"176":{"start":{"line":411,"column":2},"end":{"line":411,"column":18}}},"fnMap":{"0":{"name":"(anonymous_0)","decl":{"start":{"line":1,"column":69},"end":{"line":1,"column":70}},"loc":{"start":{"line":1,"column":105},"end":{"line":412,"column":1}},"line":1},"1":{"name":"(anonymous_1)","decl":{"start":{"line":3,"column":4},"end":{"line":3,"column":5}},"loc":{"start":{"line":3,"column":61},"end":{"line":49,"column":5}},"line":3},"2":{"name":"(anonymous_2)","decl":{"start":{"line":51,"column":4},"end":{"line":51,"column":5}},"loc":{"start":{"line":51,"column":26},"end":{"line":63,"column":5}},"line":51},"3":{"name":"(anonymous_3)","decl":{"start":{"line":53,"column":39},"end":{"line":53,"column":40}},"loc":{"start":{"line":53,"column":45},"end":{"line":53,"column":78}},"line":53},"4":{"name":"(anonymous_4)","decl":{"start":{"line":54,"column":37},"end":{"line":54,"column":38}},"loc":{"start":{"line":54,"column":43},"end":{"line":54,"column":74}},"line":54},"5":{"name":"(anonymous_5)","decl":{"start":{"line":57,"column":44},"end":{"line":57,"column":45}},"loc":{"start":{"line":57,"column":51},"end":{"line":62,"column":7}},"line":57},"6":{"name":"(anonymous_6)","decl":{"start":{"line":65,"column":4},"end":{"line":65,"column":5}},"loc":{"start":{"line":65,"column":23},"end":{"line":87,"column":5}},"line":65},"7":{"name":"(anonymous_7)","decl":{"start":{"line":67,"column":27},"end":{"line":67,"column":28}},"loc":{"start":{"line":67,"column":34},"end":{"line":80,"column":7}},"line":67},"8":{"name":"(anonymous_8)","decl":{"start":{"line":74,"column":41},"end":{"line":74,"column":42}},"loc":{"start":{"line":74,"column":52},"end":{"line":79,"column":9}},"line":74},"9":{"name":"(anonymous_9)","decl":{"start":{"line":83,"column":22},"end":{"line":83,"column":23}},"loc":{"start":{"line":83,"column":28},"end":{"line":83,"column":56}},"line":83},"10":{"name":"(anonymous_10)","decl":{"start":{"line":84,"column":20},"end":{"line":84,"column":21}},"loc":{"start":{"line":84,"column":26},"end":{"line":84,"column":52}},"line":84},"11":{"name":"(anonymous_11)","decl":{"start":{"line":85,"column":21},"end":{"line":85,"column":22}},"loc":{"start":{"line":85,"column":27},"end":{"line":85,"column":50}},"line":85},"12":{"name":"(anonymous_12)","decl":{"start":{"line":86,"column":19},"end":{"line":86,"column":20}},"loc":{"start":{"line":86,"column":25},"end":{"line":86,"column":48}},"line":86},"13":{"name":"(anonymous_13)","decl":{"start":{"line":89,"column":4},"end":{"line":89,"column":5}},"loc":{"start":{"line":89,"column":35},"end":{"line":103,"column":5}},"line":89},"14":{"name":"(anonymous_14)","decl":{"start":{"line":105,"column":4},"end":{"line":105,"column":5}},"loc":{"start":{"line":105,"column":38},"end":{"line":128,"column":5}},"line":105},"15":{"name":"(anonymous_15)","decl":{"start":{"line":112,"column":34},"end":{"line":112,"column":35}},"loc":{"start":{"line":112,"column":44},"end":{"line":125,"column":7}},"line":112},"16":{"name":"(anonymous_16)","decl":{"start":{"line":116,"column":23},"end":{"line":116,"column":24}},"loc":{"start":{"line":116,"column":29},"end":{"line":123,"column":11}},"line":116},"17":{"name":"(anonymous_17)","decl":{"start":{"line":130,"column":4},"end":{"line":130,"column":5}},"loc":{"start":{"line":130,"column":46},"end":{"line":265,"column":5}},"line":130},"18":{"name":"(anonymous_18)","decl":{"start":{"line":177,"column":29},"end":{"line":177,"column":30}},"loc":{"start":{"line":177,"column":42},"end":{"line":206,"column":9}},"line":177},"19":{"name":"(anonymous_19)","decl":{"start":{"line":222,"column":29},"end":{"line":222,"column":30}},"loc":{"start":{"line":222,"column":42},"end":{"line":251,"column":9}},"line":222},"20":{"name":"(anonymous_20)","decl":{"start":{"line":267,"column":4},"end":{"line":267,"column":5}},"loc":{"start":{"line":267,"column":25},"end":{"line":279,"column":5}},"line":267},"21":{"name":"(anonymous_21)","decl":{"start":{"line":281,"column":4},"end":{"line":281,"column":5}},"loc":{"start":{"line":281,"column":33},"end":{"line":292,"column":5}},"line":281},"22":{"name":"(anonymous_22)","decl":{"start":{"line":294,"column":4},"end":{"line":294,"column":5}},"loc":{"start":{"line":294,"column":24},"end":{"line":357,"column":5}},"line":294},"23":{"name":"(anonymous_23)","decl":{"start":{"line":302,"column":29},"end":{"line":302,"column":30}},"loc":{"start":{"line":302,"column":39},"end":{"line":302,"column":54}},"line":302},"24":{"name":"(anonymous_24)","decl":{"start":{"line":359,"column":4},"end":{"line":359,"column":5}},"loc":{"start":{"line":359,"column":28},"end":{"line":375,"column":5}},"line":359},"25":{"name":"(anonymous_25)","decl":{"start":{"line":377,"column":4},"end":{"line":377,"column":5}},"loc":{"start":{"line":377,"column":13},"end":{"line":408,"column":5}},"line":377}},"branchMap":{"0":{"loc":{"start":{"line":3,"column":42},"end":{"line":3,"column":59}},"type":"default-arg","locations":[{"start":{"line":3,"column":55},"end":{"line":3,"column":59}}],"line":3},"1":{"loc":{"start":{"line":12,"column":6},"end":{"line":14,"column":7}},"type":"if","locations":[{"start":{"line":12,"column":6},"end":{"line":14,"column":7}},{"start":{},"end":{}}],"line":12},"2":{"loc":{"start":{"line":59,"column":8},"end":{"line":61,"column":9}},"type":"if","locations":[{"start":{"line":59,"column":8},"end":{"line":61,"column":9}},{"start":{},"end":{}}],"line":59},"3":{"loc":{"start":{"line":59,"column":12},"end":{"line":59,"column":39}},"type":"binary-expr","locations":[{"start":{"line":59,"column":12},"end":{"line":59,"column":18}},{"start":{"line":59,"column":22},"end":{"line":59,"column":39}}],"line":59},"4":{"loc":{"start":{"line":71,"column":8},"end":{"line":71,"column":38}},"type":"if","locations":[{"start":{"line":71,"column":8},"end":{"line":71,"column":38}},{"start":{},"end":{}}],"line":71},"5":{"loc":{"start":{"line":75,"column":10},"end":{"line":78,"column":11}},"type":"if","locations":[{"start":{"line":75,"column":10},"end":{"line":78,"column":11}},{"start":{},"end":{}}],"line":75},"6":{"loc":{"start":{"line":91,"column":6},"end":{"line":94,"column":7}},"type":"if","locations":[{"start":{"line":91,"column":6},"end":{"line":94,"column":7}},{"start":{},"end":{}}],"line":91},"7":{"loc":{"start":{"line":135,"column":6},"end":{"line":146,"column":7}},"type":"if","locations":[{"start":{"line":135,"column":6},"end":{"line":146,"column":7}},{"start":{},"end":{}}],"line":135},"8":{"loc":{"start":{"line":149,"column":6},"end":{"line":161,"column":7}},"type":"if","locations":[{"start":{"line":149,"column":6},"end":{"line":161,"column":7}},{"start":{"line":155,"column":13},"end":{"line":161,"column":7}}],"line":149},"9":{"loc":{"start":{"line":164,"column":6},"end":{"line":259,"column":7}},"type":"if","locations":[{"start":{"line":164,"column":6},"end":{"line":259,"column":7}},{"start":{"line":209,"column":13},"end":{"line":259,"column":7}}],"line":164},"10":{"loc":{"start":{"line":166,"column":8},"end":{"line":169,"column":9}},"type":"if","locations":[{"start":{"line":166,"column":8},"end":{"line":169,"column":9}},{"start":{},"end":{}}],"line":166},"11":{"loc":{"start":{"line":184,"column":12},"end":{"line":200,"column":13}},"type":"if","locations":[{"start":{"line":184,"column":12},"end":{"line":200,"column":13}},{"start":{"line":197,"column":19},"end":{"line":200,"column":13}}],"line":184},"12":{"loc":{"start":{"line":184,"column":16},"end":{"line":184,"column":45}},"type":"binary-expr","locations":[{"start":{"line":184,"column":16},"end":{"line":184,"column":23}},{"start":{"line":184,"column":27},"end":{"line":184,"column":45}}],"line":184},"13":{"loc":{"start":{"line":194,"column":14},"end":{"line":196,"column":15}},"type":"if","locations":[{"start":{"line":194,"column":14},"end":{"line":196,"column":15}},{"start":{},"end":{}}],"line":194},"14":{"loc":{"start":{"line":211,"column":8},"end":{"line":214,"column":9}},"type":"if","locations":[{"start":{"line":211,"column":8},"end":{"line":214,"column":9}},{"start":{},"end":{}}],"line":211},"15":{"loc":{"start":{"line":229,"column":12},"end":{"line":245,"column":13}},"type":"if","locations":[{"start":{"line":229,"column":12},"end":{"line":245,"column":13}},{"start":{"line":242,"column":19},"end":{"line":245,"column":13}}],"line":229},"16":{"loc":{"start":{"line":229,"column":16},"end":{"line":229,"column":45}},"type":"binary-expr","locations":[{"start":{"line":229,"column":16},"end":{"line":229,"column":23}},{"start":{"line":229,"column":27},"end":{"line":229,"column":45}}],"line":229},"17":{"loc":{"start":{"line":239,"column":14},"end":{"line":241,"column":15}},"type":"if","locations":[{"start":{"line":239,"column":14},"end":{"line":241,"column":15}},{"start":{},"end":{}}],"line":239},"18":{"loc":{"start":{"line":254,"column":8},"end":{"line":258,"column":9}},"type":"if","locations":[{"start":{"line":254,"column":8},"end":{"line":258,"column":9}},{"start":{"line":256,"column":15},"end":{"line":258,"column":9}}],"line":254},"19":{"loc":{"start":{"line":262,"column":6},"end":{"line":264,"column":7}},"type":"if","locations":[{"start":{"line":262,"column":6},"end":{"line":264,"column":7}},{"start":{},"end":{}}],"line":262},"20":{"loc":{"start":{"line":268,"column":6},"end":{"line":268,"column":44}},"type":"if","locations":[{"start":{"line":268,"column":6},"end":{"line":268,"column":44}},{"start":{},"end":{}}],"line":268},"21":{"loc":{"start":{"line":286,"column":15},"end":{"line":286,"column":59}},"type":"cond-expr","locations":[{"start":{"line":286,"column":36},"end":{"line":286,"column":52}},{"start":{"line":286,"column":55},"end":{"line":286,"column":59}}],"line":286},"22":{"loc":{"start":{"line":298,"column":6},"end":{"line":298,"column":31}},"type":"if","locations":[{"start":{"line":298,"column":6},"end":{"line":298,"column":31}},{"start":{},"end":{}}],"line":298},"23":{"loc":{"start":{"line":298,"column":10},"end":{"line":298,"column":22}},"type":"binary-expr","locations":[{"start":{"line":298,"column":10},"end":{"line":298,"column":15}},{"start":{"line":298,"column":19},"end":{"line":298,"column":22}}],"line":298},"24":{"loc":{"start":{"line":308,"column":8},"end":{"line":321,"column":9}},"type":"if","locations":[{"start":{"line":308,"column":8},"end":{"line":321,"column":9}},{"start":{"line":313,"column":15},"end":{"line":321,"column":9}}],"line":308},"25":{"loc":{"start":{"line":308,"column":12},"end":{"line":308,"column":71}},"type":"binary-expr","locations":[{"start":{"line":308,"column":12},"end":{"line":308,"column":23}},{"start":{"line":308,"column":27},"end":{"line":308,"column":71}}],"line":308},"26":{"loc":{"start":{"line":316,"column":10},"end":{"line":319,"column":11}},"type":"if","locations":[{"start":{"line":316,"column":10},"end":{"line":319,"column":11}},{"start":{},"end":{}}],"line":316},"27":{"loc":{"start":{"line":323,"column":8},"end":{"line":336,"column":9}},"type":"if","locations":[{"start":{"line":323,"column":8},"end":{"line":336,"column":9}},{"start":{"line":328,"column":15},"end":{"line":336,"column":9}}],"line":323},"28":{"loc":{"start":{"line":323,"column":12},"end":{"line":323,"column":69}},"type":"binary-expr","locations":[{"start":{"line":323,"column":12},"end":{"line":323,"column":23}},{"start":{"line":323,"column":27},"end":{"line":323,"column":69}}],"line":323},"29":{"loc":{"start":{"line":331,"column":10},"end":{"line":334,"column":11}},"type":"if","locations":[{"start":{"line":331,"column":10},"end":{"line":334,"column":11}},{"start":{},"end":{}}],"line":331},"30":{"loc":{"start":{"line":360,"column":6},"end":{"line":360,"column":47}},"type":"if","locations":[{"start":{"line":360,"column":6},"end":{"line":360,"column":47}},{"start":{},"end":{}}],"line":360},"31":{"loc":{"start":{"line":360,"column":10},"end":{"line":360,"column":38}},"type":"binary-expr","locations":[{"start":{"line":360,"column":10},"end":{"line":360,"column":16}},{"start":{"line":360,"column":20},"end":{"line":360,"column":38}}],"line":360},"32":{"loc":{"start":{"line":363,"column":27},"end":{"line":365,"column":28}},"type":"cond-expr","locations":[{"start":{"line":364,"column":10},"end":{"line":364,"column":68}},{"start":{"line":365,"column":10},"end":{"line":365,"column":28}}],"line":363},"33":{"loc":{"start":{"line":367,"column":6},"end":{"line":369,"column":7}},"type":"if","locations":[{"start":{"line":367,"column":6},"end":{"line":369,"column":7}},{"start":{},"end":{}}],"line":367},"34":{"loc":{"start":{"line":372,"column":6},"end":{"line":374,"column":7}},"type":"if","locations":[{"start":{"line":372,"column":6},"end":{"line":374,"column":7}},{"start":{},"end":{}}],"line":372},"35":{"loc":{"start":{"line":378,"column":6},"end":{"line":381,"column":7}},"type":"if","locations":[{"start":{"line":378,"column":6},"end":{"line":381,"column":7}},{"start":{},"end":{}}],"line":378},"36":{"loc":{"start":{"line":400,"column":6},"end":{"line":404,"column":7}},"type":"if","locations":[{"start":{"line":400,"column":6},"end":{"line":404,"column":7}},{"start":{},"end":{}}],"line":400},"37":{"loc":{"start":{"line":402,"column":8},"end":{"line":402,"column":33}},"type":"if","locations":[{"start":{"line":402,"column":8},"end":{"line":402,"column":33}},{"start":{},"end":{}}],"line":402}},"s":{"0":0,"1":0,"2":0,"3":0,"4":0,"5":0,"6":0,"7":0,"8":0,"9":0,"10":0,"11":0,"12":0,"13":0,"14":0,"15":0,"16":0,"17":0,"18":0,"19":0,"20":0,"21":0,"22":0,"23":0,"24":0,"25":0,"26":0,"27":0,"28":0,"29":0,"30":0,"31":0,"32":0,"33":0,"34":0,"35":0,"36":0,"37":0,"38":0,"39":0,"40":0,"41":0,"42":0,"43":0,"44":0,"45":0,"46":0,"47":0,"48":0,"49":0,"50":0,"51":0,"52":0,"53":0,"54":0,"55":0,"56":0,"57":0,"58":0,"59":0,"60":0,"61":0,"62":0,"63":0,"64":0,"65":0,"66":0,"67":0,"68":0,"69":0,"70":0,"71":0,"72":0,"73":0,"74":0,"75":0,"76":0,"77":0,"78":0,"79":0,"80":0,"81":0,"82":0,"83":0,"84":0,"85":0,"86":0,"87":0,"88":0,"89":0,"90":0,"91":0,"92":0,"93":0,"94":0,"95":0,"96":0,"97":0,"98":0,"99":0,"100":0,"101":0,"102":0,"103":0,"104":0,"105":0,"106":0,"107":0,"108":0,"109":0,"110":0,"111":0,"112":0,"113":0,"114":0,"115":0,"116":0,"117":0,"118":0,"119":0,"120":0,"121":0,"122":0,"123":0,"124":0,"125":0,"126":0,"127":0,"128":0,"129":0,"130":0,"131":0,"132":0,"133":0,"134":0,"135":0,"136":0,"137":0,"138":0,"139":0,"140":0,"141":0,"142":0,"143":0,"144":0,"145":0,"146":0,"147":0,"148":0,"149":0,"150":0,"151":0,"152":0,"153":0,"154":0,"155":0,"156":0,"157":0,"158":0,"159":0,"160":0,"161":0,"162":0,"163":0,"164":0,"165":0,"166":0,"167":0,"168":0,"169":0,"170":0,"171":0,"172":0,"173":0,"174":0,"175":0,"176":0},"f":{"0":0,"1":0,"2":0,"3":0,"4":0,"5":0,"6":0,"7":0,"8":0,"9":0,"10":0,"11":0,"12":0,"13":0,"14":0,"15":0,"16":0,"17":0,"18":0,"19":0,"20":0,"21":0,"22":0,"23":0,"24":0,"25":0},"b":{"0":[0],"1":[0,0],"2":[0,0],"3":[0,0],"4":[0,0],"5":[0,0],"6":[0,0],"7":[0,0],"8":[0,0],"9":[0,0],"10":[0,0],"11":[0,0],"12":[0,0],"13":[0,0],"14":[0,0],"15":[0,0],"16":[0,0],"17":[0,0],"18":[0,0],"19":[0,0],"20":[0,0],"21":[0,0],"22":[0,0],"23":[0,0],"24":[0,0],"25":[0,0],"26":[0,0],"27":[0,0],"28":[0,0],"29":[0,0],"30":[0,0],"31":[0,0],"32":[0,0],"33":[0,0],"34":[0,0],"35":[0,0],"36":[0,0],"37":[0,0]}}
}
